{"total": {"lines":{"total":683,"covered":676,"skipped":0,"pct":98.97},"statements":{"total":683,"covered":676,"skipped":0,"pct":98.97},"functions":{"total":51,"covered":47,"skipped":0,"pct":92.15},"branches":{"total":194,"covered":174,"skipped":0,"pct":89.69},"branchesTrue":{"total":0,"covered":0,"skipped":0,"pct":100}}
,"/home/imn0p/acopio_vzla/src/components/centro/CentroCard.tsx": {"lines":{"total":27,"covered":27,"skipped":0,"pct":100},"functions":{"total":1,"covered":1,"skipped":0,"pct":100},"statements":{"total":27,"covered":27,"skipped":0,"pct":100},"branches":{"total":5,"covered":5,"skipped":0,"pct":100}}
,"/home/imn0p/acopio_vzla/src/components/centro/CentroForm.tsx": {"lines":{"total":149,"covered":146,"skipped":0,"pct":97.98},"functions":{"total":11,"covered":9,"skipped":0,"pct":81.81},"statements":{"total":149,"covered":146,"skipped":0,"pct":97.98},"branches":{"total":42,"covered":40,"skipped":0,"pct":95.23}}
,"/home/imn0p/acopio_vzla/src/components/centro/CentroGrid.tsx": {"lines":{"total":22,"covered":22,"skipped":0,"pct":100},"functions":{"total":1,"covered":1,"skipped":0,"pct":100},"statements":{"total":22,"covered":22,"skipped":0,"pct":100},"branches":{"total":8,"covered":8,"skipped":0,"pct":100}}
,"/home/imn0p/acopio_vzla/src/components/common/FotoUploader.tsx": {"lines":{"total":73,"covered":69,"skipped":0,"pct":94.52},"functions":{"total":5,"covered":4,"skipped":0,"pct":80},"statements":{"total":73,"covered":69,"skipped":0,"pct":94.52},"branches":{"total":25,"covered":22,"skipped":0,"pct":88}}
,"/home/imn0p/acopio_vzla/src/components/common/NecesidadesSelector.tsx": {"lines":{"total":61,"covered":61,"skipped":0,"pct":100},"functions":{"total":6,"covered":5,"skipped":0,"pct":83.33},"statements":{"total":61,"covered":61,"skipped":0,"pct":100},"branches":{"total":18,"covered":18,"skipped":0,"pct":100}}
,"/home/imn0p/acopio_vzla/src/components/layout/Navbar.tsx": {"lines":{"total":23,"covered":23,"skipped":0,"pct":100},"functions":{"total":1,"covered":1,"skipped":0,"pct":100},"statements":{"total":23,"covered":23,"skipped":0,"pct":100},"branches":{"total":3,"covered":3,"skipped":0,"pct":100}}
,"/home/imn0p/acopio_vzla/src/components/layout/ProtectedRoute.tsx": {"lines":{"total":10,"covered":10,"skipped":0,"pct":100},"functions":{"total":1,"covered":1,"skipped":0,"pct":100},"statements":{"total":10,"covered":10,"skipped":0,"pct":100},"branches":{"total":4,"covered":4,"skipped":0,"pct":100}}
,"/home/imn0p/acopio_vzla/src/components/post/PostCard.tsx": {"lines":{"total":27,"covered":27,"skipped":0,"pct":100},"functions":{"total":1,"covered":1,"skipped":0,"pct":100},"statements":{"total":27,"covered":27,"skipped":0,"pct":100},"branches":{"total":4,"covered":4,"skipped":0,"pct":100}}
,"/home/imn0p/acopio_vzla/src/components/post/PostFeed.tsx": {"lines":{"total":32,"covered":32,"skipped":0,"pct":100},"functions":{"total":1,"covered":1,"skipped":0,"pct":100},"statements":{"total":32,"covered":32,"skipped":0,"pct":100},"branches":{"total":10,"covered":10,"skipped":0,"pct":100}}
,"/home/imn0p/acopio_vzla/src/components/post/PostForm.tsx": {"lines":{"total":50,"covered":50,"skipped":0,"pct":100},"functions":{"total":3,"covered":3,"skipped":0,"pct":100},"statements":{"total":50,"covered":50,"skipped":0,"pct":100},"branches":{"total":8,"covered":8,"skipped":0,"pct":100}}
,"/home/imn0p/acopio_vzla/src/features/auth/session.ts": {"lines":{"total":35,"covered":35,"skipped":0,"pct":100},"functions":{"total":3,"covered":3,"skipped":0,"pct":100},"statements":{"total":35,"covered":35,"skipped":0,"pct":100},"branches":{"total":19,"covered":16,"skipped":0,"pct":84.21}}
,"/home/imn0p/acopio_vzla/src/features/centros/mutations.ts": {"lines":{"total":48,"covered":48,"skipped":0,"pct":100},"functions":{"total":6,"covered":6,"skipped":0,"pct":100},"statements":{"total":48,"covered":48,"skipped":0,"pct":100},"branches":{"total":10,"covered":8,"skipped":0,"pct":80}}
,"/home/imn0p/acopio_vzla/src/features/centros/queries.ts": {"lines":{"total":57,"covered":57,"skipped":0,"pct":100},"functions":{"total":5,"covered":5,"skipped":0,"pct":100},"statements":{"total":57,"covered":57,"skipped":0,"pct":100},"branches":{"total":22,"covered":18,"skipped":0,"pct":81.81}}
,"/home/imn0p/acopio_vzla/src/features/posts/mutations.ts": {"lines":{"total":23,"covered":23,"skipped":0,"pct":100},"functions":{"total":3,"covered":3,"skipped":0,"pct":100},"statements":{"total":23,"covered":23,"skipped":0,"pct":100},"branches":{"total":5,"covered":3,"skipped":0,"pct":60}}
,"/home/imn0p/acopio_vzla/src/features/posts/queries.ts": {"lines":{"total":18,"covered":18,"skipped":0,"pct":100},"functions":{"total":2,"covered":2,"skipped":0,"pct":100},"statements":{"total":18,"covered":18,"skipped":0,"pct":100},"branches":{"total":4,"covered":2,"skipped":0,"pct":50}}
,"/home/imn0p/acopio_vzla/src/features/posts/realtime.ts": {"lines":{"total":28,"covered":28,"skipped":0,"pct":100},"functions":{"total":1,"covered":1,"skipped":0,"pct":100},"statements":{"total":28,"covered":28,"skipped":0,"pct":100},"branches":{"total":7,"covered":5,"skipped":0,"pct":71.42}}
}
